{"contracts/Campaign.sol":{"l":{"30":48,"31":46,"35":49,"36":37,"41":62,"42":60,"43":58,"44":58,"45":58,"46":58,"47":50,"48":96,"56":13,"57":5,"64":2,"65":2,"66":2,"73":9,"74":7,"76":5,"77":10,"79":5,"80":5,"81":10,"83":1,"84":1,"91":3,"92":1,"93":1,"101":71,"102":67,"103":63,"104":59,"105":55,"106":55,"107":55,"108":55,"117":109,"118":105,"119":101,"120":101,"121":101,"122":101,"123":101,"124":101,"125":101,"126":101,"133":3,"134":3,"135":3,"142":6,"143":2,"144":1,"146":2,"147":2,"148":2,"155":1,"162":3,"163":1},"path":"/Users/Xutyr/Documents/Lab/SparkUp/contracts/Campaign.sol","s":{"1":48,"2":49,"3":62,"4":60,"5":58,"6":58,"7":58,"8":58,"9":50,"10":96,"11":13,"12":5,"13":2,"14":2,"15":9,"16":7,"17":5,"18":5,"19":5,"20":10,"21":1,"22":1,"23":3,"24":1,"25":1,"26":71,"27":67,"28":63,"29":59,"30":55,"31":55,"32":55,"33":55,"34":109,"35":105,"36":101,"37":101,"38":101,"39":101,"40":101,"41":101,"42":101,"43":101,"44":3,"45":3,"46":3,"47":6,"48":2,"49":1,"50":2,"51":1,"52":3,"53":1},"b":{"1":[46,2],"2":[37,12],"3":[60,2],"4":[58,2],"5":[7,2],"6":[5,2],"7":[1,2],"8":[67,4],"9":[63,4],"10":[59,4],"11":[55,4],"12":[105,4],"13":[101,4],"14":[2,4],"15":[1,1],"16":[1,2]},"f":{"1":48,"2":49,"3":62,"4":13,"5":2,"6":9,"7":3,"8":71,"9":109,"10":3,"11":6,"12":1,"13":3},"fnMap":{"1":{"name":"isNotDisabled","line":29,"loc":{"start":{"line":29,"column":4},"end":{"line":32,"column":4}}},"2":{"name":"onlyManager","line":34,"loc":{"start":{"line":34,"column":4},"end":{"line":37,"column":4}}},"3":{"name":"constructor","line":39,"loc":{"start":{"line":39,"column":4},"end":{"line":50,"column":4}}},"4":{"name":"updateAllInfoData","line":55,"loc":{"start":{"line":55,"column":4},"end":{"line":58,"column":4}}},"5":{"name":"addReward","line":63,"loc":{"start":{"line":63,"column":4},"end":{"line":67,"column":4}}},"6":{"name":"updateAllRewardsData","line":72,"loc":{"start":{"line":72,"column":4},"end":{"line":85,"column":4}}},"7":{"name":"updateRewardData","line":90,"loc":{"start":{"line":90,"column":4},"end":{"line":94,"column":4}}},"8":{"name":"_setCampaignInfo","line":100,"loc":{"start":{"line":100,"column":4},"end":{"line":109,"column":4}}},"9":{"name":"_setCampaignReward","line":116,"loc":{"start":{"line":116,"column":4},"end":{"line":127,"column":4}}},"10":{"name":"deleteCampaign","line":132,"loc":{"start":{"line":132,"column":4},"end":{"line":136,"column":4}}},"11":{"name":"deleteReward","line":141,"loc":{"start":{"line":141,"column":4},"end":{"line":149,"column":4}}},"12":{"name":"updateManager","line":154,"loc":{"start":{"line":154,"column":4},"end":{"line":156,"column":4}}},"13":{"name":"updateFactory","line":161,"loc":{"start":{"line":161,"column":4},"end":{"line":164,"column":4}}}},"statementMap":{"1":{"start":{"line":30,"column":8},"end":{"line":30,"column":45}},"2":{"start":{"line":35,"column":8},"end":{"line":35,"column":56}},"3":{"start":{"line":41,"column":8},"end":{"line":41,"column":61}},"4":{"start":{"line":42,"column":8},"end":{"line":42,"column":66}},"5":{"start":{"line":43,"column":8},"end":{"line":43,"column":25}},"6":{"start":{"line":44,"column":8},"end":{"line":44,"column":27}},"7":{"start":{"line":45,"column":8},"end":{"line":45,"column":33}},"8":{"start":{"line":46,"column":8},"end":{"line":46,"column":33}},"9":{"start":{"line":47,"column":8},"end":{"line":47,"column":1260}},"10":{"start":{"line":48,"column":12},"end":{"line":48,"column":74}},"11":{"start":{"line":56,"column":8},"end":{"line":56,"column":40}},"12":{"start":{"line":57,"column":8},"end":{"line":57,"column":34}},"13":{"start":{"line":65,"column":8},"end":{"line":65,"column":56}},"14":{"start":{"line":66,"column":8},"end":{"line":66,"column":52}},"15":{"start":{"line":73,"column":8},"end":{"line":73,"column":68}},"16":{"start":{"line":74,"column":8},"end":{"line":74,"column":73}},"17":{"start":{"line":76,"column":8},"end":{"line":76,"column":2287}},"18":{"start":{"line":79,"column":8},"end":{"line":79,"column":31}},"19":{"start":{"line":80,"column":8},"end":{"line":80,"column":2418}},"20":{"start":{"line":81,"column":12},"end":{"line":81,"column":87}},"21":{"start":{"line":83,"column":8},"end":{"line":83,"column":41}},"22":{"start":{"line":84,"column":8},"end":{"line":84,"column":37}},"23":{"start":{"line":91,"column":8},"end":{"line":91,"column":70}},"24":{"start":{"line":92,"column":8},"end":{"line":92,"column":53}},"25":{"start":{"line":93,"column":8},"end":{"line":93,"column":37}},"26":{"start":{"line":101,"column":8},"end":{"line":101,"column":65}},"27":{"start":{"line":102,"column":8},"end":{"line":102,"column":77}},"28":{"start":{"line":103,"column":8},"end":{"line":103,"column":74}},"29":{"start":{"line":104,"column":8},"end":{"line":104,"column":112}},"30":{"start":{"line":105,"column":8},"end":{"line":105,"column":38}},"31":{"start":{"line":106,"column":8},"end":{"line":106,"column":50}},"32":{"start":{"line":107,"column":8},"end":{"line":107,"column":50}},"33":{"start":{"line":108,"column":8},"end":{"line":108,"column":52}},"34":{"start":{"line":117,"column":8},"end":{"line":117,"column":65}},"35":{"start":{"line":118,"column":8},"end":{"line":118,"column":77}},"36":{"start":{"line":119,"column":8},"end":{"line":119,"column":24}},"37":{"start":{"line":120,"column":8},"end":{"line":120,"column":27}},"38":{"start":{"line":121,"column":8},"end":{"line":121,"column":39}},"39":{"start":{"line":122,"column":8},"end":{"line":122,"column":55}},"40":{"start":{"line":123,"column":8},"end":{"line":123,"column":37}},"41":{"start":{"line":124,"column":8},"end":{"line":124,"column":45}},"42":{"start":{"line":125,"column":8},"end":{"line":125,"column":45}},"43":{"start":{"line":126,"column":8},"end":{"line":126,"column":29}},"44":{"start":{"line":133,"column":8},"end":{"line":133,"column":24}},"45":{"start":{"line":134,"column":8},"end":{"line":134,"column":49}},"46":{"start":{"line":135,"column":8},"end":{"line":135,"column":31}},"47":{"start":{"line":142,"column":8},"end":{"line":142,"column":70}},"48":{"start":{"line":143,"column":8},"end":{"line":143,"column":5141}},"49":{"start":{"line":144,"column":12},"end":{"line":144,"column":65}},"50":{"start":{"line":148,"column":8},"end":{"line":148,"column":36}},"51":{"start":{"line":155,"column":8},"end":{"line":155,"column":27}},"52":{"start":{"line":162,"column":8},"end":{"line":162,"column":67}},"53":{"start":{"line":163,"column":8},"end":{"line":163,"column":27}}},"branchMap":{"1":{"line":30,"type":"if","locations":[{"start":{"line":30,"column":8},"end":{"line":30,"column":8}},{"start":{"line":30,"column":8},"end":{"line":30,"column":8}}]},"2":{"line":35,"type":"if","locations":[{"start":{"line":35,"column":8},"end":{"line":35,"column":8}},{"start":{"line":35,"column":8},"end":{"line":35,"column":8}}]},"3":{"line":41,"type":"if","locations":[{"start":{"line":41,"column":8},"end":{"line":41,"column":8}},{"start":{"line":41,"column":8},"end":{"line":41,"column":8}}]},"4":{"line":42,"type":"if","locations":[{"start":{"line":42,"column":8},"end":{"line":42,"column":8}},{"start":{"line":42,"column":8},"end":{"line":42,"column":8}}]},"5":{"line":73,"type":"if","locations":[{"start":{"line":73,"column":8},"end":{"line":73,"column":8}},{"start":{"line":73,"column":8},"end":{"line":73,"column":8}}]},"6":{"line":74,"type":"if","locations":[{"start":{"line":74,"column":8},"end":{"line":74,"column":8}},{"start":{"line":74,"column":8},"end":{"line":74,"column":8}}]},"7":{"line":91,"type":"if","locations":[{"start":{"line":91,"column":8},"end":{"line":91,"column":8}},{"start":{"line":91,"column":8},"end":{"line":91,"column":8}}]},"8":{"line":101,"type":"if","locations":[{"start":{"line":101,"column":8},"end":{"line":101,"column":8}},{"start":{"line":101,"column":8},"end":{"line":101,"column":8}}]},"9":{"line":102,"type":"if","locations":[{"start":{"line":102,"column":8},"end":{"line":102,"column":8}},{"start":{"line":102,"column":8},"end":{"line":102,"column":8}}]},"10":{"line":103,"type":"if","locations":[{"start":{"line":103,"column":8},"end":{"line":103,"column":8}},{"start":{"line":103,"column":8},"end":{"line":103,"column":8}}]},"11":{"line":104,"type":"if","locations":[{"start":{"line":104,"column":8},"end":{"line":104,"column":8}},{"start":{"line":104,"column":8},"end":{"line":104,"column":8}}]},"12":{"line":117,"type":"if","locations":[{"start":{"line":117,"column":8},"end":{"line":117,"column":8}},{"start":{"line":117,"column":8},"end":{"line":117,"column":8}}]},"13":{"line":118,"type":"if","locations":[{"start":{"line":118,"column":8},"end":{"line":118,"column":8}},{"start":{"line":118,"column":8},"end":{"line":118,"column":8}}]},"14":{"line":142,"type":"if","locations":[{"start":{"line":142,"column":8},"end":{"line":142,"column":8}},{"start":{"line":142,"column":8},"end":{"line":142,"column":8}}]},"15":{"line":143,"type":"if","locations":[{"start":{"line":143,"column":8},"end":{"line":143,"column":8}},{"start":{"line":143,"column":8},"end":{"line":143,"column":8}}]},"16":{"line":162,"type":"if","locations":[{"start":{"line":162,"column":8},"end":{"line":162,"column":8}},{"start":{"line":162,"column":8},"end":{"line":162,"column":8}}]}}},"contracts/CampaignFactory.sol":{"l":{"24":14,"31":16,"32":16,"33":16,"34":16,"35":16,"42":5,"43":3,"44":3,"45":1,"46":1,"48":3,"49":3,"50":3,"51":3,"58":3,"59":1,"66":11,"74":21},"path":"/Users/Xutyr/Documents/Lab/SparkUp/contracts/CampaignFactory.sol","s":{"1":14,"2":16,"3":16,"4":16,"5":16,"6":16,"7":5,"8":3,"9":3,"10":1,"11":1,"12":3,"13":3,"14":3,"15":1,"16":11,"17":21},"b":{"1":[3,2],"2":[1,2],"3":[1,2]},"f":{"1":14,"2":16,"3":5,"4":3,"5":11,"6":21},"fnMap":{"1":{"name":"constructor","line":23,"loc":{"start":{"line":23,"column":4},"end":{"line":25,"column":4}}},"2":{"name":"createCampaign","line":30,"loc":{"start":{"line":30,"column":4},"end":{"line":36,"column":4}}},"3":{"name":"deleteCampaign","line":41,"loc":{"start":{"line":41,"column":4},"end":{"line":52,"column":4}}},"4":{"name":"updateOwner","line":57,"loc":{"start":{"line":57,"column":4},"end":{"line":60,"column":4}}},"5":{"name":"getDeployedCampaignsList","line":65,"loc":{"start":{"line":65,"column":4},"end":{"line":67,"column":4}}},"6":{"name":"getLastDeployedCampaignsIndex","line":73,"loc":{"start":{"line":73,"column":4},"end":{"line":75,"column":4}}}},"statementMap":{"1":{"start":{"line":24,"column":8},"end":{"line":24,"column":25}},"2":{"start":{"line":31,"column":8},"end":{"line":31,"column":80}},"3":{"start":{"line":32,"column":8},"end":{"line":32,"column":43}},"4":{"start":{"line":33,"column":8},"end":{"line":33,"column":77}},"5":{"start":{"line":34,"column":8},"end":{"line":34,"column":50}},"6":{"start":{"line":35,"column":8},"end":{"line":35,"column":47}},"7":{"start":{"line":42,"column":8},"end":{"line":42,"column":60}},"8":{"start":{"line":43,"column":8},"end":{"line":43,"column":53}},"9":{"start":{"line":44,"column":8},"end":{"line":44,"column":1398}},"10":{"start":{"line":45,"column":12},"end":{"line":45,"column":95}},"11":{"start":{"line":46,"column":12},"end":{"line":46,"column":100}},"12":{"start":{"line":48,"column":8},"end":{"line":48,"column":30}},"13":{"start":{"line":51,"column":8},"end":{"line":51,"column":19}},"14":{"start":{"line":58,"column":8},"end":{"line":58,"column":54}},"15":{"start":{"line":59,"column":8},"end":{"line":59,"column":23}},"16":{"start":{"line":66,"column":8},"end":{"line":66,"column":32}},"17":{"start":{"line":74,"column":8},"end":{"line":74,"column":43}}},"branchMap":{"1":{"line":42,"type":"if","locations":[{"start":{"line":42,"column":8},"end":{"line":42,"column":8}},{"start":{"line":42,"column":8},"end":{"line":42,"column":8}}]},"2":{"line":44,"type":"if","locations":[{"start":{"line":44,"column":8},"end":{"line":44,"column":8}},{"start":{"line":44,"column":8},"end":{"line":44,"column":8}}]},"3":{"line":58,"type":"if","locations":[{"start":{"line":58,"column":8},"end":{"line":58,"column":8}},{"start":{"line":58,"column":8},"end":{"line":58,"column":8}}]}}},"contracts/interfaces/ICampaign.sol":{"l":{},"path":"/Users/Xutyr/Documents/Lab/SparkUp/contracts/interfaces/ICampaign.sol","s":{},"b":{},"f":{},"fnMap":{},"statementMap":{},"branchMap":{}},"contracts/interfaces/ICampaignFactory.sol":{"l":{},"path":"/Users/Xutyr/Documents/Lab/SparkUp/contracts/interfaces/ICampaignFactory.sol","s":{},"b":{},"f":{},"fnMap":{},"statementMap":{},"branchMap":{}}}