{"contracts/Campaign.sol":{"l":{"31":44,"32":42,"36":45,"37":33,"42":54,"43":52,"44":52,"45":52,"46":52,"47":44,"48":84,"53":13,"54":5,"58":2,"59":2,"60":2,"64":5,"65":5,"66":10,"68":5,"69":5,"70":10,"72":1,"76":3,"77":1,"78":1,"82":65,"83":61,"84":57,"85":53,"86":49,"87":49,"88":49,"89":49,"93":97,"94":93,"95":89,"96":89,"97":89,"98":89,"99":89,"100":89,"101":89,"102":89,"106":3,"107":3,"108":3,"112":6,"113":2,"114":1,"116":2,"117":2,"118":2,"122":1,"126":3,"127":1},"path":"/Users/Xutyr/Documents/Lab/SparkUp/contracts/Campaign.sol","s":{"1":44,"2":45,"3":54,"4":52,"5":52,"6":52,"7":52,"8":44,"9":84,"10":13,"11":5,"12":2,"13":2,"14":5,"15":5,"16":5,"17":5,"18":10,"19":1,"20":3,"21":1,"22":1,"23":65,"24":61,"25":57,"26":53,"27":49,"28":49,"29":49,"30":49,"31":97,"32":93,"33":89,"34":89,"35":89,"36":89,"37":89,"38":89,"39":89,"40":89,"41":3,"42":3,"43":3,"44":6,"45":2,"46":1,"47":2,"48":1,"49":3,"50":1},"b":{"1":[42,2],"2":[33,12],"3":[52,2],"4":[5,0],"5":[1,2],"6":[61,4],"7":[57,4],"8":[53,4],"9":[49,4],"10":[93,4],"11":[89,4],"12":[2,4],"13":[1,1],"14":[1,2]},"f":{"1":44,"2":45,"3":54,"4":13,"5":2,"6":5,"7":3,"8":65,"9":97,"10":3,"11":6,"12":1,"13":3},"fnMap":{"1":{"name":"isNotDisabled","line":30,"loc":{"start":{"line":30,"column":4},"end":{"line":33,"column":4}}},"2":{"name":"onlyManager","line":35,"loc":{"start":{"line":35,"column":4},"end":{"line":38,"column":4}}},"3":{"name":"constructor","line":40,"loc":{"start":{"line":40,"column":4},"end":{"line":50,"column":4}}},"4":{"name":"updateAllInfoData","line":52,"loc":{"start":{"line":52,"column":4},"end":{"line":55,"column":4}}},"5":{"name":"addReward","line":57,"loc":{"start":{"line":57,"column":4},"end":{"line":61,"column":4}}},"6":{"name":"updateAllRewardsData","line":63,"loc":{"start":{"line":63,"column":4},"end":{"line":73,"column":4}}},"7":{"name":"updateRewardData","line":75,"loc":{"start":{"line":75,"column":4},"end":{"line":79,"column":4}}},"8":{"name":"_setCampaignInfo","line":81,"loc":{"start":{"line":81,"column":4},"end":{"line":90,"column":4}}},"9":{"name":"_setCampaignReward","line":92,"loc":{"start":{"line":92,"column":4},"end":{"line":103,"column":4}}},"10":{"name":"deleteCampaign","line":105,"loc":{"start":{"line":105,"column":4},"end":{"line":109,"column":4}}},"11":{"name":"deleteReward","line":111,"loc":{"start":{"line":111,"column":4},"end":{"line":119,"column":4}}},"12":{"name":"updateManager","line":121,"loc":{"start":{"line":121,"column":4},"end":{"line":123,"column":4}}},"13":{"name":"updateFactory","line":125,"loc":{"start":{"line":125,"column":4},"end":{"line":128,"column":4}}}},"statementMap":{"1":{"start":{"line":31,"column":8},"end":{"line":31,"column":45}},"2":{"start":{"line":36,"column":8},"end":{"line":36,"column":56}},"3":{"start":{"line":42,"column":8},"end":{"line":42,"column":61}},"4":{"start":{"line":43,"column":8},"end":{"line":43,"column":25}},"5":{"start":{"line":44,"column":8},"end":{"line":44,"column":27}},"6":{"start":{"line":45,"column":8},"end":{"line":45,"column":33}},"7":{"start":{"line":46,"column":8},"end":{"line":46,"column":33}},"8":{"start":{"line":47,"column":8},"end":{"line":47,"column":1213}},"9":{"start":{"line":48,"column":12},"end":{"line":48,"column":74}},"10":{"start":{"line":53,"column":8},"end":{"line":53,"column":40}},"11":{"start":{"line":54,"column":8},"end":{"line":54,"column":34}},"12":{"start":{"line":59,"column":8},"end":{"line":59,"column":56}},"13":{"start":{"line":60,"column":8},"end":{"line":60,"column":52}},"14":{"start":{"line":64,"column":8},"end":{"line":64,"column":68}},"15":{"start":{"line":65,"column":8},"end":{"line":65,"column":2028}},"16":{"start":{"line":68,"column":8},"end":{"line":68,"column":25}},"17":{"start":{"line":69,"column":8},"end":{"line":69,"column":2153}},"18":{"start":{"line":70,"column":12},"end":{"line":70,"column":81}},"19":{"start":{"line":72,"column":8},"end":{"line":72,"column":37}},"20":{"start":{"line":76,"column":8},"end":{"line":76,"column":70}},"21":{"start":{"line":77,"column":8},"end":{"line":77,"column":53}},"22":{"start":{"line":78,"column":8},"end":{"line":78,"column":37}},"23":{"start":{"line":82,"column":8},"end":{"line":82,"column":65}},"24":{"start":{"line":83,"column":8},"end":{"line":83,"column":77}},"25":{"start":{"line":84,"column":8},"end":{"line":84,"column":74}},"26":{"start":{"line":85,"column":8},"end":{"line":85,"column":112}},"27":{"start":{"line":86,"column":8},"end":{"line":86,"column":38}},"28":{"start":{"line":87,"column":8},"end":{"line":87,"column":50}},"29":{"start":{"line":88,"column":8},"end":{"line":88,"column":50}},"30":{"start":{"line":89,"column":8},"end":{"line":89,"column":52}},"31":{"start":{"line":93,"column":8},"end":{"line":93,"column":65}},"32":{"start":{"line":94,"column":8},"end":{"line":94,"column":77}},"33":{"start":{"line":95,"column":8},"end":{"line":95,"column":24}},"34":{"start":{"line":96,"column":8},"end":{"line":96,"column":27}},"35":{"start":{"line":97,"column":8},"end":{"line":97,"column":39}},"36":{"start":{"line":98,"column":8},"end":{"line":98,"column":55}},"37":{"start":{"line":99,"column":8},"end":{"line":99,"column":37}},"38":{"start":{"line":100,"column":8},"end":{"line":100,"column":45}},"39":{"start":{"line":101,"column":8},"end":{"line":101,"column":45}},"40":{"start":{"line":102,"column":8},"end":{"line":102,"column":29}},"41":{"start":{"line":106,"column":8},"end":{"line":106,"column":24}},"42":{"start":{"line":107,"column":8},"end":{"line":107,"column":49}},"43":{"start":{"line":108,"column":8},"end":{"line":108,"column":31}},"44":{"start":{"line":112,"column":8},"end":{"line":112,"column":70}},"45":{"start":{"line":113,"column":8},"end":{"line":113,"column":4219}},"46":{"start":{"line":114,"column":12},"end":{"line":114,"column":65}},"47":{"start":{"line":118,"column":8},"end":{"line":118,"column":36}},"48":{"start":{"line":122,"column":8},"end":{"line":122,"column":27}},"49":{"start":{"line":126,"column":8},"end":{"line":126,"column":67}},"50":{"start":{"line":127,"column":8},"end":{"line":127,"column":27}}},"branchMap":{"1":{"line":31,"type":"if","locations":[{"start":{"line":31,"column":8},"end":{"line":31,"column":8}},{"start":{"line":31,"column":8},"end":{"line":31,"column":8}}]},"2":{"line":36,"type":"if","locations":[{"start":{"line":36,"column":8},"end":{"line":36,"column":8}},{"start":{"line":36,"column":8},"end":{"line":36,"column":8}}]},"3":{"line":42,"type":"if","locations":[{"start":{"line":42,"column":8},"end":{"line":42,"column":8}},{"start":{"line":42,"column":8},"end":{"line":42,"column":8}}]},"4":{"line":64,"type":"if","locations":[{"start":{"line":64,"column":8},"end":{"line":64,"column":8}},{"start":{"line":64,"column":8},"end":{"line":64,"column":8}}]},"5":{"line":76,"type":"if","locations":[{"start":{"line":76,"column":8},"end":{"line":76,"column":8}},{"start":{"line":76,"column":8},"end":{"line":76,"column":8}}]},"6":{"line":82,"type":"if","locations":[{"start":{"line":82,"column":8},"end":{"line":82,"column":8}},{"start":{"line":82,"column":8},"end":{"line":82,"column":8}}]},"7":{"line":83,"type":"if","locations":[{"start":{"line":83,"column":8},"end":{"line":83,"column":8}},{"start":{"line":83,"column":8},"end":{"line":83,"column":8}}]},"8":{"line":84,"type":"if","locations":[{"start":{"line":84,"column":8},"end":{"line":84,"column":8}},{"start":{"line":84,"column":8},"end":{"line":84,"column":8}}]},"9":{"line":85,"type":"if","locations":[{"start":{"line":85,"column":8},"end":{"line":85,"column":8}},{"start":{"line":85,"column":8},"end":{"line":85,"column":8}}]},"10":{"line":93,"type":"if","locations":[{"start":{"line":93,"column":8},"end":{"line":93,"column":8}},{"start":{"line":93,"column":8},"end":{"line":93,"column":8}}]},"11":{"line":94,"type":"if","locations":[{"start":{"line":94,"column":8},"end":{"line":94,"column":8}},{"start":{"line":94,"column":8},"end":{"line":94,"column":8}}]},"12":{"line":112,"type":"if","locations":[{"start":{"line":112,"column":8},"end":{"line":112,"column":8}},{"start":{"line":112,"column":8},"end":{"line":112,"column":8}}]},"13":{"line":113,"type":"if","locations":[{"start":{"line":113,"column":8},"end":{"line":113,"column":8}},{"start":{"line":113,"column":8},"end":{"line":113,"column":8}}]},"14":{"line":126,"type":"if","locations":[{"start":{"line":126,"column":8},"end":{"line":126,"column":8}},{"start":{"line":126,"column":8},"end":{"line":126,"column":8}}]}}},"contracts/CampaignFactory.sol":{"l":{"19":10,"23":12,"24":12,"25":12,"26":12,"27":12,"31":0,"35":3,"36":3,"37":3,"38":1,"39":1,"41":3,"42":3,"43":3,"44":3,"48":0,"49":0,"53":9,"57":17},"path":"/Users/Xutyr/Documents/Lab/SparkUp/contracts/CampaignFactory.sol","s":{"1":10,"2":12,"3":12,"4":12,"5":12,"6":12,"7":0,"8":3,"9":3,"10":3,"11":1,"12":1,"13":3,"14":3,"15":0,"16":0,"17":9,"18":17},"b":{"1":[3,0],"2":[1,2],"3":[0,0]},"f":{"1":10,"2":12,"3":0,"4":3,"5":0,"6":9,"7":17},"fnMap":{"1":{"name":"constructor","line":18,"loc":{"start":{"line":18,"column":4},"end":{"line":20,"column":4}}},"2":{"name":"createCampaign","line":22,"loc":{"start":{"line":22,"column":4},"end":{"line":28,"column":4}}},"3":{"name":"getDeployedCampaigns","line":30,"loc":{"start":{"line":30,"column":4},"end":{"line":32,"column":4}}},"4":{"name":"deleteCampaign","line":34,"loc":{"start":{"line":34,"column":4},"end":{"line":45,"column":4}}},"5":{"name":"updateOwner","line":47,"loc":{"start":{"line":47,"column":4},"end":{"line":50,"column":4}}},"6":{"name":"getDeployedCampaignsList","line":52,"loc":{"start":{"line":52,"column":4},"end":{"line":54,"column":4}}},"7":{"name":"getLastDeployedCampaignsIndex","line":56,"loc":{"start":{"line":56,"column":4},"end":{"line":58,"column":4}}}},"statementMap":{"1":{"start":{"line":19,"column":8},"end":{"line":19,"column":25}},"2":{"start":{"line":23,"column":8},"end":{"line":23,"column":80}},"3":{"start":{"line":24,"column":8},"end":{"line":24,"column":43}},"4":{"start":{"line":25,"column":8},"end":{"line":25,"column":77}},"5":{"start":{"line":26,"column":8},"end":{"line":26,"column":50}},"6":{"start":{"line":27,"column":8},"end":{"line":27,"column":47}},"7":{"start":{"line":31,"column":8},"end":{"line":31,"column":32}},"8":{"start":{"line":35,"column":8},"end":{"line":35,"column":60}},"9":{"start":{"line":36,"column":8},"end":{"line":36,"column":53}},"10":{"start":{"line":37,"column":8},"end":{"line":37,"column":1263}},"11":{"start":{"line":38,"column":12},"end":{"line":38,"column":95}},"12":{"start":{"line":39,"column":12},"end":{"line":39,"column":100}},"13":{"start":{"line":41,"column":8},"end":{"line":41,"column":30}},"14":{"start":{"line":44,"column":8},"end":{"line":44,"column":19}},"15":{"start":{"line":48,"column":8},"end":{"line":48,"column":35}},"16":{"start":{"line":49,"column":8},"end":{"line":49,"column":25}},"17":{"start":{"line":53,"column":8},"end":{"line":53,"column":32}},"18":{"start":{"line":57,"column":8},"end":{"line":57,"column":43}}},"branchMap":{"1":{"line":35,"type":"if","locations":[{"start":{"line":35,"column":8},"end":{"line":35,"column":8}},{"start":{"line":35,"column":8},"end":{"line":35,"column":8}}]},"2":{"line":37,"type":"if","locations":[{"start":{"line":37,"column":8},"end":{"line":37,"column":8}},{"start":{"line":37,"column":8},"end":{"line":37,"column":8}}]},"3":{"line":48,"type":"if","locations":[{"start":{"line":48,"column":8},"end":{"line":48,"column":8}},{"start":{"line":48,"column":8},"end":{"line":48,"column":8}}]}}},"contracts/interfaces/ICampaign.sol":{"l":{},"path":"/Users/Xutyr/Documents/Lab/SparkUp/contracts/interfaces/ICampaign.sol","s":{},"b":{},"f":{},"fnMap":{},"statementMap":{},"branchMap":{}},"contracts/interfaces/ICampaignFactory.sol":{"l":{},"path":"/Users/Xutyr/Documents/Lab/SparkUp/contracts/interfaces/ICampaignFactory.sol","s":{},"b":{},"f":{},"fnMap":{},"statementMap":{},"branchMap":{}}}