{
"contracts/Campaign.sol":{"l":{"30":46,"31":44,"35":47,"36":35,"41":59,"42":57,"43":57,"44":57,"45":57,"46":49,"47":94,"55":13,"56":5,"63":2,"64":2,"65":2,"72":7,"73":5,"74":10,"76":5,"77":5,"78":10,"80":1,"87":3,"88":1,"89":1,"97":70,"98":66,"99":62,"100":58,"101":54,"102":54,"103":54,"104":54,"113":107,"114":103,"115":99,"116":99,"117":99,"118":99,"119":99,"120":99,"121":99,"122":99,"129":3,"130":3,"131":3,"138":6,"139":2,"140":1,"142":2,"143":2,"144":2,"151":1,"158":3,"159":1},"path":"/Users/Xutyr/Documents/Lab/SparkUp/contracts/Campaign.sol","s":{"1":46,"2":47,"3":59,"4":57,"5":57,"6":57,"7":57,"8":49,"9":94,"10":13,"11":5,"12":2,"13":2,"14":7,"15":5,"16":5,"17":5,"18":10,"19":1,"20":3,"21":1,"22":1,"23":70,"24":66,"25":62,"26":58,"27":54,"28":54,"29":54,"30":54,"31":107,"32":103,"33":99,"34":99,"35":99,"36":99,"37":99,"38":99,"39":99,"40":99,"41":3,"42":3,"43":3,"44":6,"45":2,"46":1,"47":2,"48":1,"49":3,"50":1},"b":{"1":[44,2],"2":[35,12],"3":[57,2],"4":[5,2],"5":[1,2],"6":[66,4],"7":[62,4],"8":[58,4],"9":[54,4],"10":[103,4],"11":[99,4],"12":[2,4],"13":[1,1],"14":[1,2]},"f":{"1":46,"2":47,"3":59,"4":13,"5":2,"6":7,"7":3,"8":70,"9":107,"10":3,"11":6,"12":1,"13":3},"fnMap":{"1":{"name":"isNotDisabled","line":29,"loc":{"start":{"line":29,"column":4},"end":{"line":32,"column":4}}},"2":{"name":"onlyManager","line":34,"loc":{"start":{"line":34,"column":4},"end":{"line":37,"column":4}}},"3":{"name":"constructor","line":39,"loc":{"start":{"line":39,"column":4},"end":{"line":49,"column":4}}},"4":{"name":"updateAllInfoData","line":54,"loc":{"start":{"line":54,"column":4},"end":{"line":57,"column":4}}},"5":{"name":"addReward","line":62,"loc":{"start":{"line":62,"column":4},"end":{"line":66,"column":4}}},"6":{"name":"updateAllRewardsData","line":71,"loc":{"start":{"line":71,"column":4},"end":{"line":81,"column":4}}},"7":{"name":"updateRewardData","line":86,"loc":{"start":{"line":86,"column":4},"end":{"line":90,"column":4}}},"8":{"name":"_setCampaignInfo","line":96,"loc":{"start":{"line":96,"column":4},"end":{"line":105,"column":4}}},"9":{"name":"_setCampaignReward","line":112,"loc":{"start":{"line":112,"column":4},"end":{"line":123,"column":4}}},"10":{"name":"deleteCampaign","line":128,"loc":{"start":{"line":128,"column":4},"end":{"line":132,"column":4}}},"11":{"name":"deleteReward","line":137,"loc":{"start":{"line":137,"column":4},"end":{"line":145,"column":4}}},"12":{"name":"updateManager","line":150,"loc":{"start":{"line":150,"column":4},"end":{"line":152,"column":4}}},"13":{"name":"updateFactory","line":157,"loc":{"start":{"line":157,"column":4},"end":{"line":160,"column":4}}}},"statementMap":{"1":{"start":{"line":30,"column":8},"end":{"line":30,"column":45}},"2":{"start":{"line":35,"column":8},"end":{"line":35,"column":56}},"3":{"start":{"line":41,"column":8},"end":{"line":41,"column":61}},"4":{"start":{"line":42,"column":8},"end":{"line":42,"column":25}},"5":{"start":{"line":43,"column":8},"end":{"line":43,"column":27}},"6":{"start":{"line":44,"column":8},"end":{"line":44,"column":33}},"7":{"start":{"line":45,"column":8},"end":{"line":45,"column":33}},"8":{"start":{"line":46,"column":8},"end":{"line":46,"column":1189}},"9":{"start":{"line":47,"column":12},"end":{"line":47,"column":74}},"10":{"start":{"line":55,"column":8},"end":{"line":55,"column":40}},"11":{"start":{"line":56,"column":8},"end":{"line":56,"column":34}},"12":{"start":{"line":64,"column":8},"end":{"line":64,"column":56}},"13":{"start":{"line":65,"column":8},"end":{"line":65,"column":52}},"14":{"start":{"line":72,"column":8},"end":{"line":72,"column":68}},"15":{"start":{"line":73,"column":8},"end":{"line":73,"column":2139}},"16":{"start":{"line":76,"column":8},"end":{"line":76,"column":25}},"17":{"start":{"line":77,"column":8},"end":{"line":77,"column":2264}},"18":{"start":{"line":78,"column":12},"end":{"line":78,"column":81}},"19":{"start":{"line":80,"column":8},"end":{"line":80,"column":37}},"20":{"start":{"line":87,"column":8},"end":{"line":87,"column":70}},"21":{"start":{"line":88,"column":8},"end":{"line":88,"column":53}},"22":{"start":{"line":89,"column":8},"end":{"line":89,"column":37}},"23":{"start":{"line":97,"column":8},"end":{"line":97,"column":65}},"24":{"start":{"line":98,"column":8},"end":{"line":98,"column":77}},"25":{"start":{"line":99,"column":8},"end":{"line":99,"column":74}},"26":{"start":{"line":100,"column":8},"end":{"line":100,"column":112}},"27":{"start":{"line":101,"column":8},"end":{"line":101,"column":38}},"28":{"start":{"line":102,"column":8},"end":{"line":102,"column":50}},"29":{"start":{"line":103,"column":8},"end":{"line":103,"column":50}},"30":{"start":{"line":104,"column":8},"end":{"line":104,"column":52}},"31":{"start":{"line":113,"column":8},"end":{"line":113,"column":65}},"32":{"start":{"line":114,"column":8},"end":{"line":114,"column":77}},"33":{"start":{"line":115,"column":8},"end":{"line":115,"column":24}},"34":{"start":{"line":116,"column":8},"end":{"line":116,"column":27}},"35":{"start":{"line":117,"column":8},"end":{"line":117,"column":39}},"36":{"start":{"line":118,"column":8},"end":{"line":118,"column":55}},"37":{"start":{"line":119,"column":8},"end":{"line":119,"column":37}},"38":{"start":{"line":120,"column":8},"end":{"line":120,"column":45}},"39":{"start":{"line":121,"column":8},"end":{"line":121,"column":45}},"40":{"start":{"line":122,"column":8},"end":{"line":122,"column":29}},"41":{"start":{"line":129,"column":8},"end":{"line":129,"column":24}},"42":{"start":{"line":130,"column":8},"end":{"line":130,"column":49}},"43":{"start":{"line":131,"column":8},"end":{"line":131,"column":31}},"44":{"start":{"line":138,"column":8},"end":{"line":138,"column":70}},"45":{"start":{"line":139,"column":8},"end":{"line":139,"column":4928}},"46":{"start":{"line":140,"column":12},"end":{"line":140,"column":65}},"47":{"start":{"line":144,"column":8},"end":{"line":144,"column":36}},"48":{"start":{"line":151,"column":8},"end":{"line":151,"column":27}},"49":{"start":{"line":158,"column":8},"end":{"line":158,"column":67}},"50":{"start":{"line":159,"column":8},"end":{"line":159,"column":27}}},"branchMap":{"1":{"line":30,"type":"if","locations":[{"start":{"line":30,"column":8},"end":{"line":30,"column":8}},{"start":{"line":30,"column":8},"end":{"line":30,"column":8}}]},"2":{"line":35,"type":"if","locations":[{"start":{"line":35,"column":8},"end":{"line":35,"column":8}},{"start":{"line":35,"column":8},"end":{"line":35,"column":8}}]},"3":{"line":41,"type":"if","locations":[{"start":{"line":41,"column":8},"end":{"line":41,"column":8}},{"start":{"line":41,"column":8},"end":{"line":41,"column":8}}]},"4":{"line":72,"type":"if","locations":[{"start":{"line":72,"column":8},"end":{"line":72,"column":8}},{"start":{"line":72,"column":8},"end":{"line":72,"column":8}}]},"5":{"line":87,"type":"if","locations":[{"start":{"line":87,"column":8},"end":{"line":87,"column":8}},{"start":{"line":87,"column":8},"end":{"line":87,"column":8}}]},"6":{"line":97,"type":"if","locations":[{"start":{"line":97,"column":8},"end":{"line":97,"column":8}},{"start":{"line":97,"column":8},"end":{"line":97,"column":8}}]},"7":{"line":98,"type":"if","locations":[{"start":{"line":98,"column":8},"end":{"line":98,"column":8}},{"start":{"line":98,"column":8},"end":{"line":98,"column":8}}]},"8":{"line":99,"type":"if","locations":[{"start":{"line":99,"column":8},"end":{"line":99,"column":8}},{"start":{"line":99,"column":8},"end":{"line":99,"column":8}}]},"9":{"line":100,"type":"if","locations":[{"start":{"line":100,"column":8},"end":{"line":100,"column":8}},{"start":{"line":100,"column":8},"end":{"line":100,"column":8}}]},"10":{"line":113,"type":"if","locations":[{"start":{"line":113,"column":8},"end":{"line":113,"column":8}},{"start":{"line":113,"column":8},"end":{"line":113,"column":8}}]},"11":{"line":114,"type":"if","locations":[{"start":{"line":114,"column":8},"end":{"line":114,"column":8}},{"start":{"line":114,"column":8},"end":{"line":114,"column":8}}]},"12":{"line":138,"type":"if","locations":[{"start":{"line":138,"column":8},"end":{"line":138,"column":8}},{"start":{"line":138,"column":8},"end":{"line":138,"column":8}}]},"13":{"line":139,"type":"if","locations":[{"start":{"line":139,"column":8},"end":{"line":139,"column":8}},{"start":{"line":139,"column":8},"end":{"line":139,"column":8}}]},"14":{"line":158,"type":"if","locations":[{"start":{"line":158,"column":8},"end":{"line":158,"column":8}},{"start":{"line":158,"column":8},"end":{"line":158,"column":8}}]}}},
"contracts/CampaignFactory.sol":{"l":{"24":14,"31":16,"32":16,"33":16,"34":16,"35":16,"42":5,"43":3,"44":3,"45":1,"46":1,"48":3,"49":3,"50":3,"51":3,"58":3,"59":1,"66":11,"74":21},"path":"/Users/Xutyr/Documents/Lab/SparkUp/contracts/CampaignFactory.sol","s":{"1":14,"2":16,"3":16,"4":16,"5":16,"6":16,"7":5,"8":3,"9":3,"10":1,"11":1,"12":3,"13":3,"14":3,"15":1,"16":11,"17":21},"b":{"1":[3,2],"2":[1,2],"3":[1,2]},"f":{"1":14,"2":16,"3":5,"4":3,"5":11,"6":21},"fnMap":{"1":{"name":"constructor","line":23,"loc":{"start":{"line":23,"column":4},"end":{"line":25,"column":4}}},"2":{"name":"createCampaign","line":30,"loc":{"start":{"line":30,"column":4},"end":{"line":36,"column":4}}},"3":{"name":"deleteCampaign","line":41,"loc":{"start":{"line":41,"column":4},"end":{"line":52,"column":4}}},"4":{"name":"updateOwner","line":57,"loc":{"start":{"line":57,"column":4},"end":{"line":60,"column":4}}},"5":{"name":"getDeployedCampaignsList","line":65,"loc":{"start":{"line":65,"column":4},"end":{"line":67,"column":4}}},"6":{"name":"getLastDeployedCampaignsIndex","line":73,"loc":{"start":{"line":73,"column":4},"end":{"line":75,"column":4}}}},"statementMap":{"1":{"start":{"line":24,"column":8},"end":{"line":24,"column":25}},"2":{"start":{"line":31,"column":8},"end":{"line":31,"column":80}},"3":{"start":{"line":32,"column":8},"end":{"line":32,"column":43}},"4":{"start":{"line":33,"column":8},"end":{"line":33,"column":77}},"5":{"start":{"line":34,"column":8},"end":{"line":34,"column":50}},"6":{"start":{"line":35,"column":8},"end":{"line":35,"column":47}},"7":{"start":{"line":42,"column":8},"end":{"line":42,"column":60}},"8":{"start":{"line":43,"column":8},"end":{"line":43,"column":53}},"9":{"start":{"line":44,"column":8},"end":{"line":44,"column":1394}},"10":{"start":{"line":45,"column":12},"end":{"line":45,"column":95}},"11":{"start":{"line":46,"column":12},"end":{"line":46,"column":100}},"12":{"start":{"line":48,"column":8},"end":{"line":48,"column":30}},"13":{"start":{"line":51,"column":8},"end":{"line":51,"column":19}},"14":{"start":{"line":58,"column":8},"end":{"line":58,"column":54}},"15":{"start":{"line":59,"column":8},"end":{"line":59,"column":23}},"16":{"start":{"line":66,"column":8},"end":{"line":66,"column":32}},"17":{"start":{"line":74,"column":8},"end":{"line":74,"column":43}}},"branchMap":{"1":{"line":42,"type":"if","locations":[{"start":{"line":42,"column":8},"end":{"line":42,"column":8}},{"start":{"line":42,"column":8},"end":{"line":42,"column":8}}]},"2":{"line":44,"type":"if","locations":[{"start":{"line":44,"column":8},"end":{"line":44,"column":8}},{"start":{"line":44,"column":8},"end":{"line":44,"column":8}}]},"3":{"line":58,"type":"if","locations":[{"start":{"line":58,"column":8},"end":{"line":58,"column":8}},{"start":{"line":58,"column":8},"end":{"line":58,"column":8}}]}}},
"contracts/interfaces/ICampaign.sol":{"l":{},"path":"/Users/Xutyr/Documents/Lab/SparkUp/contracts/interfaces/ICampaign.sol","s":{},"b":{},"f":{},"fnMap":{},"statementMap":{},"branchMap":{}},
"contracts/interfaces/ICampaignFactory.sol":{"l":{},"path":"/Users/Xutyr/Documents/Lab/SparkUp/contracts/interfaces/ICampaignFactory.sol","s":{},"b":{},"f":{},"fnMap":{},"statementMap":{},"branchMap":{}}}
