{
"contracts/Campaign.sol":{"l":{"29":43,"30":41,"34":44,"35":32,"40":59,"41":57,"42":55,"43":55,"44":55,"45":55,"46":47,"47":90,"55":13,"56":5,"63":2,"64":2,"65":2,"72":7,"73":5,"74":1,"82":68,"83":64,"84":60,"85":56,"86":52,"87":52,"88":52,"89":52,"98":97,"99":93,"100":89,"101":89,"102":89,"103":89,"104":89,"105":89,"106":89,"107":89,"114":3,"115":3,"116":3,"123":6,"124":2,"125":1,"127":2,"128":2,"129":2,"136":1,"143":3,"144":1},"path":"/Users/Xutyr/Documents/Lab/SparkUp/contracts/Campaign.sol","s":{"1":43,"2":44,"3":59,"4":57,"5":55,"6":55,"7":55,"8":55,"9":47,"10":90,"11":13,"12":5,"13":2,"14":2,"15":7,"16":5,"17":1,"18":68,"19":64,"20":60,"21":56,"22":52,"23":52,"24":52,"25":52,"26":97,"27":93,"28":89,"29":89,"30":89,"31":89,"32":89,"33":89,"34":89,"35":89,"36":3,"37":3,"38":3,"39":6,"40":2,"41":1,"42":2,"43":1,"44":3,"45":1},"b":{"1":[41,2],"2":[32,12],"3":[57,2],"4":[55,2],"5":[5,2],"6":[64,4],"7":[60,4],"8":[56,4],"9":[52,4],"10":[93,4],"11":[89,4],"12":[2,4],"13":[1,1],"14":[1,2]},"f":{"1":43,"2":44,"3":59,"4":13,"5":2,"6":7,"7":68,"8":97,"9":3,"10":6,"11":1,"12":3},"fnMap":{"1":{"name":"isNotDisabled","line":28,"loc":{"start":{"line":28,"column":4},"end":{"line":31,"column":4}}},"2":{"name":"onlyManager","line":33,"loc":{"start":{"line":33,"column":4},"end":{"line":36,"column":4}}},"3":{"name":"constructor","line":38,"loc":{"start":{"line":38,"column":4},"end":{"line":49,"column":4}}},"4":{"name":"updateCampaign","line":54,"loc":{"start":{"line":54,"column":4},"end":{"line":57,"column":4}}},"5":{"name":"addReward","line":62,"loc":{"start":{"line":62,"column":4},"end":{"line":66,"column":4}}},"6":{"name":"updateReward","line":71,"loc":{"start":{"line":71,"column":4},"end":{"line":75,"column":4}}},"7":{"name":"_setCampaignInfo","line":81,"loc":{"start":{"line":81,"column":4},"end":{"line":90,"column":4}}},"8":{"name":"_setCampaignReward","line":97,"loc":{"start":{"line":97,"column":4},"end":{"line":108,"column":4}}},"9":{"name":"deleteCampaign","line":113,"loc":{"start":{"line":113,"column":4},"end":{"line":117,"column":4}}},"10":{"name":"deleteReward","line":122,"loc":{"start":{"line":122,"column":4},"end":{"line":130,"column":4}}},"11":{"name":"updateManager","line":135,"loc":{"start":{"line":135,"column":4},"end":{"line":137,"column":4}}},"12":{"name":"updateFactory","line":142,"loc":{"start":{"line":142,"column":4},"end":{"line":145,"column":4}}}},"statementMap":{"1":{"start":{"line":29,"column":8},"end":{"line":29,"column":45}},"2":{"start":{"line":34,"column":8},"end":{"line":34,"column":56}},"3":{"start":{"line":40,"column":8},"end":{"line":40,"column":61}},"4":{"start":{"line":41,"column":8},"end":{"line":41,"column":66}},"5":{"start":{"line":42,"column":8},"end":{"line":42,"column":25}},"6":{"start":{"line":43,"column":8},"end":{"line":43,"column":27}},"7":{"start":{"line":44,"column":8},"end":{"line":44,"column":33}},"8":{"start":{"line":45,"column":8},"end":{"line":45,"column":33}},"9":{"start":{"line":46,"column":8},"end":{"line":46,"column":1226}},"10":{"start":{"line":47,"column":12},"end":{"line":47,"column":74}},"11":{"start":{"line":55,"column":8},"end":{"line":55,"column":32}},"12":{"start":{"line":56,"column":8},"end":{"line":56,"column":34}},"13":{"start":{"line":64,"column":8},"end":{"line":64,"column":56}},"14":{"start":{"line":65,"column":8},"end":{"line":65,"column":52}},"15":{"start":{"line":72,"column":8},"end":{"line":72,"column":70}},"16":{"start":{"line":73,"column":8},"end":{"line":73,"column":53}},"17":{"start":{"line":74,"column":8},"end":{"line":74,"column":37}},"18":{"start":{"line":82,"column":8},"end":{"line":82,"column":65}},"19":{"start":{"line":83,"column":8},"end":{"line":83,"column":77}},"20":{"start":{"line":84,"column":8},"end":{"line":84,"column":74}},"21":{"start":{"line":85,"column":8},"end":{"line":85,"column":85}},"22":{"start":{"line":86,"column":8},"end":{"line":86,"column":38}},"23":{"start":{"line":87,"column":8},"end":{"line":87,"column":50}},"24":{"start":{"line":88,"column":8},"end":{"line":88,"column":50}},"25":{"start":{"line":89,"column":8},"end":{"line":89,"column":52}},"26":{"start":{"line":98,"column":8},"end":{"line":98,"column":65}},"27":{"start":{"line":99,"column":8},"end":{"line":99,"column":77}},"28":{"start":{"line":100,"column":8},"end":{"line":100,"column":24}},"29":{"start":{"line":101,"column":8},"end":{"line":101,"column":27}},"30":{"start":{"line":102,"column":8},"end":{"line":102,"column":39}},"31":{"start":{"line":103,"column":8},"end":{"line":103,"column":55}},"32":{"start":{"line":104,"column":8},"end":{"line":104,"column":37}},"33":{"start":{"line":105,"column":8},"end":{"line":105,"column":45}},"34":{"start":{"line":106,"column":8},"end":{"line":106,"column":45}},"35":{"start":{"line":107,"column":8},"end":{"line":107,"column":29}},"36":{"start":{"line":114,"column":8},"end":{"line":114,"column":24}},"37":{"start":{"line":115,"column":8},"end":{"line":115,"column":49}},"38":{"start":{"line":116,"column":8},"end":{"line":116,"column":31}},"39":{"start":{"line":123,"column":8},"end":{"line":123,"column":70}},"40":{"start":{"line":124,"column":8},"end":{"line":124,"column":4322}},"41":{"start":{"line":125,"column":12},"end":{"line":125,"column":65}},"42":{"start":{"line":129,"column":8},"end":{"line":129,"column":36}},"43":{"start":{"line":136,"column":8},"end":{"line":136,"column":27}},"44":{"start":{"line":143,"column":8},"end":{"line":143,"column":67}},"45":{"start":{"line":144,"column":8},"end":{"line":144,"column":27}}},"branchMap":{"1":{"line":29,"type":"if","locations":[{"start":{"line":29,"column":8},"end":{"line":29,"column":8}},{"start":{"line":29,"column":8},"end":{"line":29,"column":8}}]},"2":{"line":34,"type":"if","locations":[{"start":{"line":34,"column":8},"end":{"line":34,"column":8}},{"start":{"line":34,"column":8},"end":{"line":34,"column":8}}]},"3":{"line":40,"type":"if","locations":[{"start":{"line":40,"column":8},"end":{"line":40,"column":8}},{"start":{"line":40,"column":8},"end":{"line":40,"column":8}}]},"4":{"line":41,"type":"if","locations":[{"start":{"line":41,"column":8},"end":{"line":41,"column":8}},{"start":{"line":41,"column":8},"end":{"line":41,"column":8}}]},"5":{"line":72,"type":"if","locations":[{"start":{"line":72,"column":8},"end":{"line":72,"column":8}},{"start":{"line":72,"column":8},"end":{"line":72,"column":8}}]},"6":{"line":82,"type":"if","locations":[{"start":{"line":82,"column":8},"end":{"line":82,"column":8}},{"start":{"line":82,"column":8},"end":{"line":82,"column":8}}]},"7":{"line":83,"type":"if","locations":[{"start":{"line":83,"column":8},"end":{"line":83,"column":8}},{"start":{"line":83,"column":8},"end":{"line":83,"column":8}}]},"8":{"line":84,"type":"if","locations":[{"start":{"line":84,"column":8},"end":{"line":84,"column":8}},{"start":{"line":84,"column":8},"end":{"line":84,"column":8}}]},"9":{"line":85,"type":"if","locations":[{"start":{"line":85,"column":8},"end":{"line":85,"column":8}},{"start":{"line":85,"column":8},"end":{"line":85,"column":8}}]},"10":{"line":98,"type":"if","locations":[{"start":{"line":98,"column":8},"end":{"line":98,"column":8}},{"start":{"line":98,"column":8},"end":{"line":98,"column":8}}]},"11":{"line":99,"type":"if","locations":[{"start":{"line":99,"column":8},"end":{"line":99,"column":8}},{"start":{"line":99,"column":8},"end":{"line":99,"column":8}}]},"12":{"line":123,"type":"if","locations":[{"start":{"line":123,"column":8},"end":{"line":123,"column":8}},{"start":{"line":123,"column":8},"end":{"line":123,"column":8}}]},"13":{"line":124,"type":"if","locations":[{"start":{"line":124,"column":8},"end":{"line":124,"column":8}},{"start":{"line":124,"column":8},"end":{"line":124,"column":8}}]},"14":{"line":143,"type":"if","locations":[{"start":{"line":143,"column":8},"end":{"line":143,"column":8}},{"start":{"line":143,"column":8},"end":{"line":143,"column":8}}]}}},
"contracts/CampaignFactory.sol":{"l":{"24":14,"31":16,"32":16,"33":16,"34":16,"35":16,"42":5,"43":3,"44":3,"45":1,"46":1,"48":3,"49":3,"50":3,"51":3,"58":3,"59":1,"66":11,"74":21},"path":"/Users/Xutyr/Documents/Lab/SparkUp/contracts/CampaignFactory.sol","s":{"1":14,"2":16,"3":16,"4":16,"5":16,"6":16,"7":5,"8":3,"9":3,"10":1,"11":1,"12":3,"13":3,"14":3,"15":1,"16":11,"17":21},"b":{"1":[3,2],"2":[1,2],"3":[1,2]},"f":{"1":14,"2":16,"3":5,"4":3,"5":11,"6":21},"fnMap":{"1":{"name":"constructor","line":23,"loc":{"start":{"line":23,"column":4},"end":{"line":25,"column":4}}},"2":{"name":"createCampaign","line":30,"loc":{"start":{"line":30,"column":4},"end":{"line":36,"column":4}}},"3":{"name":"deleteCampaign","line":41,"loc":{"start":{"line":41,"column":4},"end":{"line":52,"column":4}}},"4":{"name":"updateOwner","line":57,"loc":{"start":{"line":57,"column":4},"end":{"line":60,"column":4}}},"5":{"name":"getDeployedCampaignsList","line":65,"loc":{"start":{"line":65,"column":4},"end":{"line":67,"column":4}}},"6":{"name":"getLastDeployedCampaignsIndex","line":73,"loc":{"start":{"line":73,"column":4},"end":{"line":75,"column":4}}}},"statementMap":{"1":{"start":{"line":24,"column":8},"end":{"line":24,"column":25}},"2":{"start":{"line":31,"column":8},"end":{"line":31,"column":80}},"3":{"start":{"line":32,"column":8},"end":{"line":32,"column":43}},"4":{"start":{"line":33,"column":8},"end":{"line":33,"column":77}},"5":{"start":{"line":34,"column":8},"end":{"line":34,"column":50}},"6":{"start":{"line":35,"column":8},"end":{"line":35,"column":47}},"7":{"start":{"line":42,"column":8},"end":{"line":42,"column":60}},"8":{"start":{"line":43,"column":8},"end":{"line":43,"column":53}},"9":{"start":{"line":44,"column":8},"end":{"line":44,"column":1398}},"10":{"start":{"line":45,"column":12},"end":{"line":45,"column":95}},"11":{"start":{"line":46,"column":12},"end":{"line":46,"column":100}},"12":{"start":{"line":48,"column":8},"end":{"line":48,"column":30}},"13":{"start":{"line":51,"column":8},"end":{"line":51,"column":19}},"14":{"start":{"line":58,"column":8},"end":{"line":58,"column":54}},"15":{"start":{"line":59,"column":8},"end":{"line":59,"column":23}},"16":{"start":{"line":66,"column":8},"end":{"line":66,"column":32}},"17":{"start":{"line":74,"column":8},"end":{"line":74,"column":43}}},"branchMap":{"1":{"line":42,"type":"if","locations":[{"start":{"line":42,"column":8},"end":{"line":42,"column":8}},{"start":{"line":42,"column":8},"end":{"line":42,"column":8}}]},"2":{"line":44,"type":"if","locations":[{"start":{"line":44,"column":8},"end":{"line":44,"column":8}},{"start":{"line":44,"column":8},"end":{"line":44,"column":8}}]},"3":{"line":58,"type":"if","locations":[{"start":{"line":58,"column":8},"end":{"line":58,"column":8}},{"start":{"line":58,"column":8},"end":{"line":58,"column":8}}]}}},
"contracts/interfaces/ICampaign.sol":{"l":{},"path":"/Users/Xutyr/Documents/Lab/SparkUp/contracts/interfaces/ICampaign.sol","s":{},"b":{},"f":{},"fnMap":{},"statementMap":{},"branchMap":{}},
"contracts/interfaces/ICampaignFactory.sol":{"l":{},"path":"/Users/Xutyr/Documents/Lab/SparkUp/contracts/interfaces/ICampaignFactory.sol","s":{},"b":{},"f":{},"fnMap":{},"statementMap":{},"branchMap":{}}}
