TN:
SF:/Users/Xutyr/Documents/Lab/SparkUp/contracts/Campaign.sol
FN:29,isNotDisabled
FN:34,onlyManager
FN:39,constructor
FN:54,updateAllInfoData
FN:62,addReward
FN:71,updateAllRewardsData
FN:86,updateRewardData
FN:96,_setCampaignInfo
FN:112,_setCampaignReward
FN:128,deleteCampaign
FN:137,deleteReward
FN:150,updateManager
FN:157,updateFactory
FNF:13
FNH:13
FNDA:46,isNotDisabled
FNDA:47,onlyManager
FNDA:59,constructor
FNDA:13,updateAllInfoData
FNDA:2,addReward
FNDA:7,updateAllRewardsData
FNDA:3,updateRewardData
FNDA:70,_setCampaignInfo
FNDA:107,_setCampaignReward
FNDA:3,deleteCampaign
FNDA:6,deleteReward
FNDA:1,updateManager
FNDA:3,updateFactory
DA:30,46
DA:31,44
DA:35,47
DA:36,35
DA:41,59
DA:42,57
DA:43,57
DA:44,57
DA:45,57
DA:46,49
DA:47,94
DA:55,13
DA:56,5
DA:63,2
DA:64,2
DA:65,2
DA:72,7
DA:73,5
DA:74,10
DA:76,5
DA:77,5
DA:78,10
DA:80,1
DA:87,3
DA:88,1
DA:89,1
DA:97,70
DA:98,66
DA:99,62
DA:100,58
DA:101,54
DA:102,54
DA:103,54
DA:104,54
DA:113,107
DA:114,103
DA:115,99
DA:116,99
DA:117,99
DA:118,99
DA:119,99
DA:120,99
DA:121,99
DA:122,99
DA:129,3
DA:130,3
DA:131,3
DA:138,6
DA:139,2
DA:140,1
DA:142,2
DA:143,2
DA:144,2
DA:151,1
DA:158,3
DA:159,1
LF:56
LH:56
BRDA:30,1,0,44
BRDA:30,1,1,2
BRDA:35,2,0,35
BRDA:35,2,1,12
BRDA:41,3,0,57
BRDA:41,3,1,2
BRDA:72,4,0,5
BRDA:72,4,1,2
BRDA:87,5,0,1
BRDA:87,5,1,2
BRDA:97,6,0,66
BRDA:97,6,1,4
BRDA:98,7,0,62
BRDA:98,7,1,4
BRDA:99,8,0,58
BRDA:99,8,1,4
BRDA:100,9,0,54
BRDA:100,9,1,4
BRDA:113,10,0,103
BRDA:113,10,1,4
BRDA:114,11,0,99
BRDA:114,11,1,4
BRDA:138,12,0,2
BRDA:138,12,1,4
BRDA:139,13,0,1
BRDA:139,13,1,1
BRDA:158,14,0,1
BRDA:158,14,1,2
BRF:28
BRH:28
end_of_record
TN:
SF:/Users/Xutyr/Documents/Lab/SparkUp/contracts/CampaignFactory.sol
FN:23,constructor
FN:30,createCampaign
FN:41,deleteCampaign
FN:57,updateOwner
FN:65,getDeployedCampaignsList
FN:73,getLastDeployedCampaignsIndex
FNF:6
FNH:6
FNDA:14,constructor
FNDA:16,createCampaign
FNDA:5,deleteCampaign
FNDA:3,updateOwner
FNDA:11,getDeployedCampaignsList
FNDA:21,getLastDeployedCampaignsIndex
DA:24,14
DA:31,16
DA:32,16
DA:33,16
DA:34,16
DA:35,16
DA:42,5
DA:43,3
DA:44,3
DA:45,1
DA:46,1
DA:48,3
DA:49,3
DA:50,3
DA:51,3
DA:58,3
DA:59,1
DA:66,11
DA:74,21
LF:19
LH:19
BRDA:42,1,0,3
BRDA:42,1,1,2
BRDA:44,2,0,1
BRDA:44,2,1,2
BRDA:58,3,0,1
BRDA:58,3,1,2
BRF:6
BRH:6
end_of_record
TN:
SF:/Users/Xutyr/Documents/Lab/SparkUp/contracts/interfaces/ICampaign.sol
FNF:0
FNH:0
LF:0
LH:0
BRF:0
BRH:0
end_of_record
TN:
SF:/Users/Xutyr/Documents/Lab/SparkUp/contracts/interfaces/ICampaignFactory.sol
FNF:0
FNH:0
LF:0
LH:0
BRF:0
BRH:0
end_of_record
