TN:
SF:/Users/Xutyr/Documents/Lab/SparkUp/contracts/Campaign.sol
FN:30,isNotDisabled
FN:35,onlyManager
FN:40,constructor
FN:52,updateAllInfoData
FN:57,addReward
FN:63,updateAllRewardsData
FN:75,updateRewardData
FN:81,_setCampaignInfo
FN:92,_setCampaignReward
FN:105,deleteCampaign
FN:111,deleteReward
FN:121,updateManager
FN:125,updateFactory
FNF:13
FNH:13
FNDA:44,isNotDisabled
FNDA:45,onlyManager
FNDA:54,constructor
FNDA:13,updateAllInfoData
FNDA:2,addReward
FNDA:5,updateAllRewardsData
FNDA:3,updateRewardData
FNDA:65,_setCampaignInfo
FNDA:97,_setCampaignReward
FNDA:3,deleteCampaign
FNDA:6,deleteReward
FNDA:1,updateManager
FNDA:3,updateFactory
DA:31,44
DA:32,42
DA:36,45
DA:37,33
DA:42,54
DA:43,52
DA:44,52
DA:45,52
DA:46,52
DA:47,44
DA:48,84
DA:53,13
DA:54,5
DA:58,2
DA:59,2
DA:60,2
DA:64,5
DA:65,5
DA:66,10
DA:68,5
DA:69,5
DA:70,10
DA:72,1
DA:76,3
DA:77,1
DA:78,1
DA:82,65
DA:83,61
DA:84,57
DA:85,53
DA:86,49
DA:87,49
DA:88,49
DA:89,49
DA:93,97
DA:94,93
DA:95,89
DA:96,89
DA:97,89
DA:98,89
DA:99,89
DA:100,89
DA:101,89
DA:102,89
DA:106,3
DA:107,3
DA:108,3
DA:112,6
DA:113,2
DA:114,1
DA:116,2
DA:117,2
DA:118,2
DA:122,1
DA:126,3
DA:127,1
LF:56
LH:56
BRDA:31,1,0,42
BRDA:31,1,1,2
BRDA:36,2,0,33
BRDA:36,2,1,12
BRDA:42,3,0,52
BRDA:42,3,1,2
BRDA:64,4,0,5
BRDA:64,4,1,0
BRDA:76,5,0,1
BRDA:76,5,1,2
BRDA:82,6,0,61
BRDA:82,6,1,4
BRDA:83,7,0,57
BRDA:83,7,1,4
BRDA:84,8,0,53
BRDA:84,8,1,4
BRDA:85,9,0,49
BRDA:85,9,1,4
BRDA:93,10,0,93
BRDA:93,10,1,4
BRDA:94,11,0,89
BRDA:94,11,1,4
BRDA:112,12,0,2
BRDA:112,12,1,4
BRDA:113,13,0,1
BRDA:113,13,1,1
BRDA:126,14,0,1
BRDA:126,14,1,2
BRF:28
BRH:27
end_of_record
TN:
SF:/Users/Xutyr/Documents/Lab/SparkUp/contracts/CampaignFactory.sol
FN:18,constructor
FN:22,createCampaign
FN:30,getDeployedCampaigns
FN:34,deleteCampaign
FN:47,updateOwner
FN:52,getDeployedCampaignsList
FN:56,getLastDeployedCampaignsIndex
FNF:7
FNH:5
FNDA:10,constructor
FNDA:12,createCampaign
FNDA:0,getDeployedCampaigns
FNDA:3,deleteCampaign
FNDA:0,updateOwner
FNDA:9,getDeployedCampaignsList
FNDA:17,getLastDeployedCampaignsIndex
DA:19,10
DA:23,12
DA:24,12
DA:25,12
DA:26,12
DA:27,12
DA:31,0
DA:35,3
DA:36,3
DA:37,3
DA:38,1
DA:39,1
DA:41,3
DA:42,3
DA:43,3
DA:44,3
DA:48,0
DA:49,0
DA:53,9
DA:57,17
LF:20
LH:17
BRDA:35,1,0,3
BRDA:35,1,1,0
BRDA:37,2,0,1
BRDA:37,2,1,2
BRDA:48,3,0,0
BRDA:48,3,1,0
BRF:6
BRH:3
end_of_record
TN:
SF:/Users/Xutyr/Documents/Lab/SparkUp/contracts/interfaces/ICampaign.sol
FNF:0
FNH:0
LF:0
LH:0
BRF:0
BRH:0
end_of_record
TN:
SF:/Users/Xutyr/Documents/Lab/SparkUp/contracts/interfaces/ICampaignFactory.sol
FNF:0
FNH:0
LF:0
LH:0
BRF:0
BRH:0
end_of_record
